<?xml version="1.0" encoding="UTF-8"?>
<!-- Generated by org.testng.reporters.JUnitReportReporter -->
<testsuite skipped="0" hostname="JWLT225190" name="com.tasks.webstaurantstore.testcases.cartOrderTestCase" tests="1" failures="0" timestamp="05 Jun 2020 02:23:39 GMT" time="178.328" errors="0">
  <testcase name="testAddToCart" time="178.328" classname="com.tasks.webstaurantstore.testcases.cartOrderTestCase"/>
</testsuite> <!-- com.tasks.webstaurantstore.testcases.cartOrderTestCase -->
