<?xml version="1.0" encoding="UTF-8"?>
<!-- Generated by org.testng.reporters.JUnitReportReporter -->
<testsuite skipped="0" hostname="JWLT225190" name="com.tasks.webstaurantstore.testcases.cartOrderTestCase" tests="1" failures="0" timestamp="04 Jun 2020 23:05:46 GMT" time="76.863" errors="0">
  <testcase name="testAddToCart" time="76.863" classname="com.tasks.webstaurantstore.testcases.cartOrderTestCase"/>
</testsuite> <!-- com.tasks.webstaurantstore.testcases.cartOrderTestCase -->
